  glad.c
  GLSL.cpp
  main.cpp
c:\users\cmosquer\documents\proj1_deferredshading\proj1_deferredshading\postprocessing\src\camera.h(34): warning C4305: '+=': truncation from 'double' to 'float'
c:\users\cmosquer\documents\proj1_deferredshading\proj1_deferredshading\postprocessing\src\camera.h(36): warning C4305: '-=': truncation from 'double' to 'float'
c:\users\cmosquer\documents\proj1_deferredshading\proj1_deferredshading\postprocessing\src\camera.h(38): warning C4305: '-=': truncation from 'double' to 'float'
c:\users\cmosquer\documents\proj1_deferredshading\proj1_deferredshading\postprocessing\src\camera.h(40): warning C4305: '+=': truncation from 'double' to 'float'
c:\users\cmosquer\documents\proj1_deferredshading\proj1_deferredshading\postprocessing\src\main.cpp(214): warning C4305: 'initializing': truncation from 'double' to 'float'
c:\users\cmosquer\documents\proj1_deferredshading\proj1_deferredshading\postprocessing\src\main.cpp(372): warning C4305: 'argument': truncation from 'double' to 'float'
c:\users\cmosquer\documents\proj1_deferredshading\proj1_deferredshading\postprocessing\src\main.cpp(372): warning C4244: 'argument': conversion from 'int' to 'float', possible loss of data
c:\users\cmosquer\documents\proj1_deferredshading\proj1_deferredshading\postprocessing\src\main.cpp(373): warning C4101: 'S': unreferenced local variable
c:\users\cmosquer\documents\proj1_deferredshading\proj1_deferredshading\postprocessing\src\main.cpp(373): warning C4101: 'T': unreferenced local variable
c:\users\cmosquer\documents\proj1_deferredshading\proj1_deferredshading\postprocessing\src\main.cpp(429): warning C4244: '+=': conversion from 'double' to 'float', possible loss of data
c:\users\cmosquer\documents\proj1_deferredshading\proj1_deferredshading\postprocessing\src\main.cpp(432): warning C4305: 'initializing': truncation from 'double' to 'float'
c:\users\cmosquer\documents\proj1_deferredshading\proj1_deferredshading\postprocessing\src\main.cpp(414): warning C4101: 'S': unreferenced local variable
  MatrixStack.cpp
  Program.cpp
  Shape.cpp
c:\users\cmosquer\documents\proj1_deferredshading\proj1_deferredshading\postprocessing\src\shape.cpp(65): warning C4018: '<': signed/unsigned mismatch
  WindowManager.cpp
  Generating Code...
glfw3.lib(context.obj) : warning LNK4099: PDB 'glfw.pdb' was not found with 'glfw3.lib(context.obj)' or at 'C:\Users\cmosquer\Documents\Proj1_DeferredShading\Proj1_DeferredShading\postprocessing\Debug\glfw.pdb'; linking object as if no debug info
glfw3.lib(init.obj) : warning LNK4099: PDB 'glfw.pdb' was not found with 'glfw3.lib(init.obj)' or at 'C:\Users\cmosquer\Documents\Proj1_DeferredShading\Proj1_DeferredShading\postprocessing\Debug\glfw.pdb'; linking object as if no debug info
glfw3.lib(input.obj) : warning LNK4099: PDB 'glfw.pdb' was not found with 'glfw3.lib(input.obj)' or at 'C:\Users\cmosquer\Documents\Proj1_DeferredShading\Proj1_DeferredShading\postprocessing\Debug\glfw.pdb'; linking object as if no debug info
glfw3.lib(monitor.obj) : warning LNK4099: PDB 'glfw.pdb' was not found with 'glfw3.lib(monitor.obj)' or at 'C:\Users\cmosquer\Documents\Proj1_DeferredShading\Proj1_DeferredShading\postprocessing\Debug\glfw.pdb'; linking object as if no debug info
glfw3.lib(vulkan.obj) : warning LNK4099: PDB 'glfw.pdb' was not found with 'glfw3.lib(vulkan.obj)' or at 'C:\Users\cmosquer\Documents\Proj1_DeferredShading\Proj1_DeferredShading\postprocessing\Debug\glfw.pdb'; linking object as if no debug info
glfw3.lib(window.obj) : warning LNK4099: PDB 'glfw.pdb' was not found with 'glfw3.lib(window.obj)' or at 'C:\Users\cmosquer\Documents\Proj1_DeferredShading\Proj1_DeferredShading\postprocessing\Debug\glfw.pdb'; linking object as if no debug info
glfw3.lib(win32_init.obj) : warning LNK4099: PDB 'glfw.pdb' was not found with 'glfw3.lib(win32_init.obj)' or at 'C:\Users\cmosquer\Documents\Proj1_DeferredShading\Proj1_DeferredShading\postprocessing\Debug\glfw.pdb'; linking object as if no debug info
glfw3.lib(win32_joystick.obj) : warning LNK4099: PDB 'glfw.pdb' was not found with 'glfw3.lib(win32_joystick.obj)' or at 'C:\Users\cmosquer\Documents\Proj1_DeferredShading\Proj1_DeferredShading\postprocessing\Debug\glfw.pdb'; linking object as if no debug info
glfw3.lib(win32_monitor.obj) : warning LNK4099: PDB 'glfw.pdb' was not found with 'glfw3.lib(win32_monitor.obj)' or at 'C:\Users\cmosquer\Documents\Proj1_DeferredShading\Proj1_DeferredShading\postprocessing\Debug\glfw.pdb'; linking object as if no debug info
glfw3.lib(win32_time.obj) : warning LNK4099: PDB 'glfw.pdb' was not found with 'glfw3.lib(win32_time.obj)' or at 'C:\Users\cmosquer\Documents\Proj1_DeferredShading\Proj1_DeferredShading\postprocessing\Debug\glfw.pdb'; linking object as if no debug info
glfw3.lib(win32_tls.obj) : warning LNK4099: PDB 'glfw.pdb' was not found with 'glfw3.lib(win32_tls.obj)' or at 'C:\Users\cmosquer\Documents\Proj1_DeferredShading\Proj1_DeferredShading\postprocessing\Debug\glfw.pdb'; linking object as if no debug info
glfw3.lib(win32_window.obj) : warning LNK4099: PDB 'glfw.pdb' was not found with 'glfw3.lib(win32_window.obj)' or at 'C:\Users\cmosquer\Documents\Proj1_DeferredShading\Proj1_DeferredShading\postprocessing\Debug\glfw.pdb'; linking object as if no debug info
glfw3.lib(wgl_context.obj) : warning LNK4099: PDB 'glfw.pdb' was not found with 'glfw3.lib(wgl_context.obj)' or at 'C:\Users\cmosquer\Documents\Proj1_DeferredShading\Proj1_DeferredShading\postprocessing\Debug\glfw.pdb'; linking object as if no debug info
glfw3.lib(egl_context.obj) : warning LNK4099: PDB 'glfw.pdb' was not found with 'glfw3.lib(egl_context.obj)' or at 'C:\Users\cmosquer\Documents\Proj1_DeferredShading\Proj1_DeferredShading\postprocessing\Debug\glfw.pdb'; linking object as if no debug info
  verysimpleDoF.vcxproj -> C:\Users\cmosquer\Documents\Proj1_DeferredShading\Proj1_DeferredShading\postprocessing\Debug\verysimpleDoF.exe
